<?xml version="1.0" encoding="UTF-8"?>
<!-- Generated by org.testng.reporters.JUnitReportReporter -->
<testsuite hostname="Himanshu" failures="0" tests="8" name="Validation.TestClass" time="30.152" errors="0" timestamp="2024-03-02T12:34:00 IST" skipped="0">
  <testcase classname="Validation.TestClass" name="verifyLogoText" time="0.792"/>
  <system-out/>
  <testcase classname="Validation.TestClass" name="verifyProduct" time="5.562"/>
  <system-out/>
  <testcase classname="Validation.TestClass" name="verifyProduct2" time="0.884"/>
  <system-out/>
  <testcase classname="Validation.TestClass" name="verifyCartButton" time="0.404"/>
  <system-out/>
  <testcase classname="Validation.TestClass" name="verifyProductAddtoCart" time="3.932"/>
  <system-out/>
  <testcase classname="Validation.TestClass" name="verifyOrderFunctionality" time="8.966"/>
  <system-out/>
  <testcase classname="Validation.TestClass" name="VerifyFirstButton" time="0.412"/>
  <system-out/>
  <testcase classname="Validation.TestClass" name="VerifyRSLogin" time="9.200"/>
  <system-out/>
</testsuite> <!-- Validation.TestClass -->
