<?xml version="1.0" encoding="UTF-8"?>
<!-- Generated by org.testng.reporters.JUnitReportReporter -->
<testsuite hostname="Himanshu" failures="0" tests="6" name="Validation.Test_Class" time="6.160" errors="0" timestamp="2024-02-28T16:06:42 IST" skipped="1">
  <testcase classname="Validation.Test_Class" name="verifyLogoText" time="0.074"/>
  <system-out/>
  <testcase classname="Validation.Test_Class" name="verifyProduct" time="5.253"/>
  <system-out/>
  <testcase classname="Validation.Test_Class" name="verifyProduct2" time="0.239"/>
  <system-out/>
  <testcase classname="Validation.Test_Class" name="verifyCartButton" time="0.032"/>
  <system-out/>
  <testcase classname="Validation.Test_Class" name="verifyProductAddtoCart" time="0.562"/>
  <system-out/>
  <testcase classname="Validation.Test_Class" name="verifyOrderFunctionality">
    <skipped/>
  </testcase> <!-- verifyOrderFunctionality -->
  <system-out/>
</testsuite> <!-- Validation.Test_Class -->
