<?xml version="1.0" encoding="UTF-8"?>
<!-- Generated by org.testng.reporters.JUnitReportReporter -->
<testsuite hostname="Himanshu" failures="0" tests="8" name="Validation.TestClass" time="27.633" errors="0" timestamp="2024-03-02T11:42:25 IST" skipped="0">
  <testcase classname="Validation.TestClass" name="verifyLogoText" time="0.963"/>
  <system-out/>
  <testcase classname="Validation.TestClass" name="verifyProduct" time="5.559"/>
  <system-out/>
  <testcase classname="Validation.TestClass" name="verifyProduct2" time="0.892"/>
  <system-out/>
  <testcase classname="Validation.TestClass" name="verifyCartButton" time="0.279"/>
  <system-out/>
  <testcase classname="Validation.TestClass" name="verifyProductAddtoCart" time="1.088"/>
  <system-out/>
  <testcase classname="Validation.TestClass" name="verifyOrderFunctionality" time="8.909"/>
  <system-out/>
  <testcase classname="Validation.TestClass" name="VerifyFirstButton" time="0.397"/>
  <system-out/>
  <testcase classname="Validation.TestClass" name="VerifyRSLogin" time="9.546"/>
  <system-out/>
</testsuite> <!-- Validation.TestClass -->
