<?xml version="1.0" encoding="UTF-8"?>
<!-- Generated by org.testng.reporters.JUnitReportReporter -->
<testsuite hostname="Himanshu" failures="0" tests="8" name="Validation.TestClass" time="27.189" errors="0" timestamp="2024-03-02T12:08:06 IST" skipped="0">
  <testcase classname="Validation.TestClass" name="verifyLogoText" time="0.619"/>
  <system-out/>
  <testcase classname="Validation.TestClass" name="verifyProduct" time="5.432"/>
  <system-out/>
  <testcase classname="Validation.TestClass" name="verifyProduct2" time="0.703"/>
  <system-out/>
  <testcase classname="Validation.TestClass" name="verifyCartButton" time="0.249"/>
  <system-out/>
  <testcase classname="Validation.TestClass" name="verifyProductAddtoCart" time="0.818"/>
  <system-out/>
  <testcase classname="Validation.TestClass" name="verifyOrderFunctionality" time="8.618"/>
  <system-out/>
  <testcase classname="Validation.TestClass" name="VerifyFirstButton" time="0.336"/>
  <system-out/>
  <testcase classname="Validation.TestClass" name="VerifyRSLogin" time="10.414"/>
  <system-out/>
</testsuite> <!-- Validation.TestClass -->
