<?xml version="1.0" encoding="UTF-8"?>
<!-- Generated by org.testng.reporters.JUnitReportReporter -->
<testsuite hostname="Himanshu" failures="0" tests="8" name="Validation.TestClass" time="26.723" errors="0" timestamp="2024-02-29T17:18:40 IST" skipped="0">
  <testcase classname="Validation.TestClass" name="verifyLogoText" time="0.499"/>
  <system-out/>
  <testcase classname="Validation.TestClass" name="verifyProduct" time="5.372"/>
  <system-out/>
  <testcase classname="Validation.TestClass" name="verifyProduct2" time="0.573"/>
  <system-out/>
  <testcase classname="Validation.TestClass" name="verifyCartButton" time="0.553"/>
  <system-out/>
  <testcase classname="Validation.TestClass" name="verifyProductAddtoCart" time="0.687"/>
  <system-out/>
  <testcase classname="Validation.TestClass" name="verifyOrderFunctionality" time="8.293"/>
  <system-out/>
  <testcase classname="Validation.TestClass" name="VerifyFirstButton" time="0.193"/>
  <system-out/>
  <testcase classname="Validation.TestClass" name="VerifyRSLogin" time="10.553"/>
  <system-out/>
</testsuite> <!-- Validation.TestClass -->
